[Licensing::Module] Trying to connect to existing licensing client channel...
[Licensing::IpcConnector] Connection attempt to the License Client on channel: "LicenseClient-tungd" failed because channel doesn't exist; code: "0x80000002"
[Licensing::Module] Successfully launched the LicensingClient (PId: 17504)
[Licensing::IpcConnector] Successfully connected to the License Client on channel: "LicenseClient-tungd" at "2026-07-08T07:16:10.6259044Z"
[Licensing::Client] Handshaking with LicensingClient:
  Version:                 1.13.1+ca5f299
  Session Id:              50d70ddd1a114db7b5a40a11f4a1e74d
  Correlation Id:          9dd5e90b996d2836c89112ace6624037
  External correlation Id: 8047507770027849780
  Machine Id:              +5IiNaHEljFX9OpPK+7K0ixMBgA=
[Licensing::Module] Successfully connected to LicensingClient on channel: "LicenseClient-tungd" (connect: 3.47s, validation: 0.16s, handshake: 0.91s)
[Licensing::IpcConnector] Successfully connected to the License Notification on channel: "LicenseClient-tungd-notifications" at "2026-07-08T07:16:11.6937032Z"
[Licensing::Module] Connected to LicensingClient (PId: 17504, launch time: 0.05, total connection time: 4.54s)
[Licensing::Module] Error: Access token is unavailable; failed to update
[Licensing::Client] Error: Code 500 while processing request (status: Unable to update licenses. Errors: No ULF license found.,Token not found in cache)
[Licensing::Client] Error: Code 500 while updating license in client (status: Unable to update licenses. Errors: No ULF license found.,Token not found in cache)
Built from '2022.3/staging' branch; Version is '2022.3.8f1 (b5eafc012955) revision 11922172'; Using compiler version '192829333'; Build Type 'Release'
OS: 'Windows 11  (10.0.26200) 64bit Professional' Language: 'en' Physical Memory: 16105 MB
[Licensing::Client] Successfully resolved entitlements
[Licensing::Module] Serial number assigned to: "18967142897802-UnityPersXXXX"
BatchMode: 1, IsHumanControllingUs: 0, StartBugReporterOnCrash: 0, Is64bit: 1, IsPro: 0

COMMAND LINE ARGUMENTS:
D:\game\2022.3.8f1\Editor\Unity.exe
-batchmode
-projectPath
D:\project\CoinCollection
-executeMethod
BuildScript.BuildWindows
-quit
-logFile
D:\project\CoinCollection\build.log
Successfully changed project path to: D:\project\CoinCollection
D:/project/CoinCollection
[UnityMemory] Configuration Parameters - Can be set up in boot.config
    "memorysetup-bucket-allocator-granularity=16"
    "memorysetup-bucket-allocator-bucket-count=8"
    "memorysetup-bucket-allocator-block-size=33554432"
    "memorysetup-bucket-allocator-block-count=8"
    "memorysetup-main-allocator-block-size=16777216"
    "memorysetup-thread-allocator-block-size=16777216"
    "memorysetup-gfx-main-allocator-block-size=16777216"
    "memorysetup-gfx-thread-allocator-block-size=16777216"
    "memorysetup-cache-allocator-block-size=4194304"
    "memorysetup-typetree-allocator-block-size=2097152"
    "memorysetup-profiler-bucket-allocator-granularity=16"
    "memorysetup-profiler-bucket-allocator-bucket-count=8"
    "memorysetup-profiler-bucket-allocator-block-size=33554432"
    "memorysetup-profiler-bucket-allocator-block-count=8"
    "memorysetup-profiler-allocator-block-size=16777216"
    "memorysetup-profiler-editor-allocator-block-size=1048576"
    "memorysetup-temp-allocator-size-main=16777216"
    "memorysetup-job-temp-allocator-block-size=2097152"
    "memorysetup-job-temp-allocator-block-size-background=1048576"
    "memorysetup-job-temp-allocator-reduction-small-platforms=262144"
    "memorysetup-allocator-temp-initial-block-size-main=262144"
    "memorysetup-allocator-temp-initial-block-size-worker=262144"
    "memorysetup-temp-allocator-size-background-worker=32768"
    "memorysetup-temp-allocator-size-job-worker=262144"
    "memorysetup-temp-allocator-size-preload-manager=33554432"
    "memorysetup-temp-allocator-size-nav-mesh-worker=65536"
    "memorysetup-temp-allocator-size-audio-worker=65536"
    "memorysetup-temp-allocator-size-cloud-worker=32768"
    "memorysetup-temp-allocator-size-gi-baking-worker=262144"
    "memorysetup-temp-allocator-size-gfx=262144"
Player connection [12916] Host "[IP] 192.168.1.14 [Port] 55496 [Flags] 2 [Guid] 4271302490 [EditorId] 4271302490 [Version] 1048832 [Id] WindowsEditor(7,DESKTOP-UD209NF) [Debug] 1 [PackageName] WindowsEditor [ProjectName] Editor" joined multi-casting on [225.0.0.222:54997]...

Player connection [12916] Host "[IP] 192.168.1.14 [Port] 55496 [Flags] 2 [Guid] 4271302490 [EditorId] 4271302490 [Version] 1048832 [Id] WindowsEditor(7,DESKTOP-UD209NF) [Debug] 1 [PackageName] WindowsEditor [ProjectName] Editor" joined alternative multi-casting on [225.0.0.222:34997]...

[Physics::Module] Initialized MultithreadedJobDispatcher with 7 workers.
[Package Manager] UpmClient::Connect -- Connected to IPC stream "Upm-1764" after 0.2 seconds.
[Licensing::Client] Successfully resolved entitlements
[Package Manager] Restoring resolved packages state from cache
[Licensing::Client] Successfully resolved entitlement details
[Package Manager] Registered 47 packages:
  Packages from [https://packages.unity.com]:
    com.unity.collab-proxy@2.0.7 (location: D:\project\CoinCollection\Library\PackageCache\com.unity.collab-proxy@2.0.7)
    com.unity.textmeshpro@3.0.6 (location: D:\project\CoinCollection\Library\PackageCache\com.unity.textmeshpro@3.0.6)
    com.unity.timeline@1.7.5 (location: D:\project\CoinCollection\Library\PackageCache\com.unity.timeline@1.7.5)
    com.unity.visualscripting@1.9.0 (location: D:\project\CoinCollection\Library\PackageCache\com.unity.visualscripting@1.9.0)
    com.unity.ide.visualstudio@2.0.18 (location: D:\project\CoinCollection\Library\PackageCache\com.unity.ide.visualstudio@2.0.18)
    com.unity.ide.rider@3.0.24 (location: D:\project\CoinCollection\Library\PackageCache\com.unity.ide.rider@3.0.24)
    com.unity.ide.vscode@1.2.5 (location: D:\project\CoinCollection\Library\PackageCache\com.unity.ide.vscode@1.2.5)
    com.unity.editorcoroutines@1.0.0 (location: D:\project\CoinCollection\Library\PackageCache\com.unity.editorcoroutines@1.0.0)
    com.unity.performance.profile-analyzer@1.2.2 (location: D:\project\CoinCollection\Library\PackageCache\com.unity.performance.profile-analyzer@1.2.2)
    com.unity.test-framework@1.1.33 (location: D:\project\CoinCollection\Library\PackageCache\com.unity.test-framework@1.1.33)
    com.unity.testtools.codecoverage@1.2.4 (location: D:\project\CoinCollection\Library\PackageCache\com.unity.testtools.codecoverage@1.2.4)
    com.unity.settings-manager@2.0.1 (location: D:\project\CoinCollection\Library\PackageCache\com.unity.settings-manager@2.0.1)
    com.unity.ext.nunit@1.0.6 (location: D:\project\CoinCollection\Library\PackageCache\com.unity.ext.nunit@1.0.6)
  Built-in packages:
    com.unity.feature.development@1.0.1 (location: D:\project\CoinCollection\Library\PackageCache\com.unity.feature.development@1.0.1)
    com.unity.ugui@1.0.0 (location: D:\project\CoinCollection\Library\PackageCache\com.unity.ugui@1.0.0)
    com.unity.modules.ai@1.0.0 (location: D:\project\CoinCollection\Library\PackageCache\com.unity.modules.ai@1.0.0)
    com.unity.modules.androidjni@1.0.0 (location: D:\project\CoinCollection\Library\PackageCache\com.unity.modules.androidjni@1.0.0)
    com.unity.modules.animation@1.0.0 (location: D:\project\CoinCollection\Library\PackageCache\com.unity.modules.animation@1.0.0)
    com.unity.modules.assetbundle@1.0.0 (location: D:\project\CoinCollection\Library\PackageCache\com.unity.modules.assetbundle@1.0.0)
    com.unity.modules.audio@1.0.0 (location: D:\project\CoinCollection\Library\PackageCache\com.unity.modules.audio@1.0.0)
    com.unity.modules.cloth@1.0.0 (location: D:\project\CoinCollection\Library\PackageCache\com.unity.modules.cloth@1.0.0)
    com.unity.modules.director@1.0.0 (location: D:\project\CoinCollection\Library\PackageCache\com.unity.modules.director@1.0.0)
    com.unity.modules.imageconversion@1.0.0 (location: D:\project\CoinCollection\Library\PackageCache\com.unity.modules.imageconversion@1.0.0)
    com.unity.modules.imgui@1.0.0 (location: D:\project\CoinCollection\Library\PackageCache\com.unity.modules.imgui@1.0.0)
    com.unity.modules.jsonserialize@1.0.0 (location: D:\project\CoinCollection\Library\PackageCache\com.unity.modules.jsonserialize@1.0.0)
    com.unity.modules.particlesystem@1.0.0 (location: D:\project\CoinCollection\Library\PackageCache\com.unity.modules.particlesystem@1.0.0)
    com.unity.modules.physics@1.0.0 (location: D:\project\CoinCollection\Library\PackageCache\com.unity.modules.physics@1.0.0)
    com.unity.modules.physics2d@1.0.0 (location: D:\project\CoinCollection\Library\PackageCache\com.unity.modules.physics2d@1.0.0)
    com.unity.modules.screencapture@1.0.0 (location: D:\project\CoinCollection\Library\PackageCache\com.unity.modules.screencapture@1.0.0)
    com.unity.modules.terrain@1.0.0 (location: D:\project\CoinCollection\Library\PackageCache\com.unity.modules.terrain@1.0.0)
    com.unity.modules.terrainphysics@1.0.0 (location: D:\project\CoinCollection\Library\PackageCache\com.unity.modules.terrainphysics@1.0.0)
    com.unity.modules.tilemap@1.0.0 (location: D:\project\CoinCollection\Library\PackageCache\com.unity.modules.tilemap@1.0.0)
    com.unity.modules.ui@1.0.0 (location: D:\project\CoinCollection\Library\PackageCache\com.unity.modules.ui@1.0.0)
    com.unity.modules.uielements@1.0.0 (location: D:\project\CoinCollection\Library\PackageCache\com.unity.modules.uielements@1.0.0)
    com.unity.modules.umbra@1.0.0 (location: D:\project\CoinCollection\Library\PackageCache\com.unity.modules.umbra@1.0.0)
    com.unity.modules.unityanalytics@1.0.0 (location: D:\project\CoinCollection\Library\PackageCache\com.unity.modules.unityanalytics@1.0.0)
    com.unity.modules.unitywebrequest@1.0.0 (location: D:\project\CoinCollection\Library\PackageCache\com.unity.modules.unitywebrequest@1.0.0)
    com.unity.modules.unitywebrequestassetbundle@1.0.0 (location: D:\project\CoinCollection\Library\PackageCache\com.unity.modules.unitywebrequestassetbundle@1.0.0)
    com.unity.modules.unitywebrequestaudio@1.0.0 (location: D:\project\CoinCollection\Library\PackageCache\com.unity.modules.unitywebrequestaudio@1.0.0)
    com.unity.modules.unitywebrequesttexture@1.0.0 (location: D:\project\CoinCollection\Library\PackageCache\com.unity.modules.unitywebrequesttexture@1.0.0)
    com.unity.modules.unitywebrequestwww@1.0.0 (location: D:\project\CoinCollection\Library\PackageCache\com.unity.modules.unitywebrequestwww@1.0.0)
    com.unity.modules.vehicles@1.0.0 (location: D:\project\CoinCollection\Library\PackageCache\com.unity.modules.vehicles@1.0.0)
    com.unity.modules.video@1.0.0 (location: D:\project\CoinCollection\Library\PackageCache\com.unity.modules.video@1.0.0)
    com.unity.modules.vr@1.0.0 (location: D:\project\CoinCollection\Library\PackageCache\com.unity.modules.vr@1.0.0)
    com.unity.modules.wind@1.0.0 (location: D:\project\CoinCollection\Library\PackageCache\com.unity.modules.wind@1.0.0)
    com.unity.modules.xr@1.0.0 (location: D:\project\CoinCollection\Library\PackageCache\com.unity.modules.xr@1.0.0)
    com.unity.modules.subsystems@1.0.0 (location: D:\project\CoinCollection\Library\PackageCache\com.unity.modules.subsystems@1.0.0)
[Subsystems] No new subsystems found in resolved package list.
Package Manager log level set to [2]
[Package Manager] Done registering packages in 0.20 seconds
Refreshing native plugins compatible for Editor in 1543.06 ms, found 3 plugins.
Preloading 0 native plugins for Editor in 0.00 ms.
Initialize engine version: 2022.3.8f1 (b5eafc012955)
[Subsystems] Discovering subsystems at path D:/game/2022.3.8f1/Editor/Data/Resources/UnitySubsystems
[Subsystems] Discovering subsystems at path D:/project/CoinCollection/Assets
GfxDevice: creating device client; threaded=0; jobified=0
Direct3D:
    Version:  Direct3D 11.0 [level 11.1]
    Renderer: NVIDIA GeForce GTX 1650 (ID=0x1f82)
    Vendor:   NVIDIA
    VRAM:     3935 MB
    Driver:   32.0.15.9186
[Licensing::Client] Successfully resolved entitlements
Initialize mono
Mono path[0] = 'D:/game/2022.3.8f1/Editor/Data/Managed'
Mono path[1] = 'D:/game/2022.3.8f1/Editor/Data/MonoBleedingEdge/lib/mono/unityjit-win32'
Mono config path = 'D:/game/2022.3.8f1/Editor/Data/MonoBleedingEdge/etc'
Using monoOptions --debugger-agent=transport=dt_socket,embedding=1,server=y,suspend=n,address=127.0.0.1:56764
Using cacheserver namespaces - metadata:defaultmetadata, artifacts:defaultartifacts
Using cacheserver namespaces - metadata:defaultmetadata, artifacts:defaultartifacts
ImportWorker Server TCP listen port: 0
Begin MonoManager ReloadAssembly
Registering precompiled unity dll's ...
Register platform support module: D:/game/2022.3.8f1/Editor/Data/PlaybackEngines/WindowsStandaloneSupport/UnityEditor.WindowsStandalone.Extensions.dll
Registered in 0.003285 seconds.
- Loaded All Assemblies, in  0.313 seconds
Native extension for WindowsStandalone target not found
Mono: successfully reloaded assembly
- Finished resetting the current domain, in  0.227 seconds
Domain Reload Profiling: 540ms
	BeginReloadAssembly (119ms)
		ExecutionOrderSort (0ms)
		DisableScriptedObjects (0ms)
		BackupInstance (0ms)
		ReleaseScriptingObjects (0ms)
		CreateAndSetChildDomain (1ms)
	RebuildCommonClasses (31ms)
	RebuildNativeTypeToScriptingClass (7ms)
	initialDomainReloadingComplete (41ms)
	LoadAllAssembliesAndSetupDomain (114ms)
		LoadAssemblies (118ms)
		RebuildTransferFunctionScriptingTraits (0ms)
		AnalyzeDomain (113ms)
			TypeCache.Refresh (111ms)
				TypeCache.ScanAssembly (98ms)
			ScanForSourceGeneratedMonoScriptInfo (0ms)
			ResolveRequiredComponents (0ms)
	FinalizeReload (227ms)
		ReleaseScriptCaches (0ms)
		RebuildScriptCaches (0ms)
		SetupLoadedEditorAssemblies (182ms)
			LogAssemblyErrors (0ms)
			InitializePlatformSupportModulesInManaged (7ms)
			SetLoadedEditorAssemblies (6ms)
			RefreshPlugins (0ms)
			BeforeProcessingInitializeOnLoad (2ms)
			ProcessInitializeOnLoadAttributes (120ms)
			ProcessInitializeOnLoadMethodAttributes (48ms)
			AfterProcessingInitializeOnLoad (0ms)
			EditorAssembliesLoaded (0ms)
		ExecutionOrderSort2 (0ms)
		AwakeInstancesAfterBackupRestoration (0ms)
[Licensing::Client] Successfully resolved entitlements
Application.AssetDatabase Initial Refresh Start
Directory monitor buffer overflow for 'Packages'Next Refresh will do full enumeration.Starting: D:\game\2022.3.8f1\Editor\Data\bee_backend.exe --dont-print-to-structured-log --ipc --defer-dag-verification --dagfile="Library/Bee/1900b0aE.dag" --continue-on-failure --profile="Library/Bee/backend1.traceevents" ScriptAssemblies
WorkingDir: D:/project/CoinCollection
DisplayProgressbar: Compiling Scripts
ExitCode: 0 Duration: 0s172ms
*** Tundra build success (0.07 seconds), 0 items updated, 351 evaluated
AssetDatabase: script compilation time: 2.983140s
Begin MonoManager ReloadAssembly
- Loaded All Assemblies, in  3.132 seconds
Refreshing native plugins compatible for Editor in 1.48 ms, found 3 plugins.
Preloading 0 native plugins for Editor in 0.00 ms.
Refreshing native plugins compatible for Editor in 1.86 ms, found 3 plugins.
Native extension for WindowsStandalone target not found
Mono: successfully reloaded assembly
- Finished resetting the current domain, in  0.796 seconds
Domain Reload Profiling: 3928ms
	BeginReloadAssembly (118ms)
		ExecutionOrderSort (0ms)
		DisableScriptedObjects (4ms)
		BackupInstance (0ms)
		ReleaseScriptingObjects (0ms)
		CreateAndSetChildDomain (20ms)
	RebuildCommonClasses (23ms)
	RebuildNativeTypeToScriptingClass (7ms)
	initialDomainReloadingComplete (19ms)
	LoadAllAssembliesAndSetupDomain (2964ms)
		LoadAssemblies (2899ms)
		RebuildTransferFunctionScriptingTraits (0ms)
		AnalyzeDomain (129ms)
			TypeCache.Refresh (115ms)
				TypeCache.ScanAssembly (103ms)
			ScanForSourceGeneratedMonoScriptInfo (10ms)
			ResolveRequiredComponents (2ms)
	FinalizeReload (796ms)
		ReleaseScriptCaches (0ms)
		RebuildScriptCaches (0ms)
		SetupLoadedEditorAssemblies (697ms)
			LogAssemblyErrors (0ms)
			InitializePlatformSupportModulesInManaged (3ms)
			SetLoadedEditorAssemblies (2ms)
			RefreshPlugins (0ms)
			BeforeProcessingInitializeOnLoad (38ms)
			ProcessInitializeOnLoadAttributes (639ms)
			ProcessInitializeOnLoadMethodAttributes (14ms)
			AfterProcessingInitializeOnLoad (1ms)
			EditorAssembliesLoaded (0ms)
		ExecutionOrderSort2 (0ms)
		AwakeInstancesAfterBackupRestoration (5ms)
Asset Pipeline Refresh (id=6e15d4e696bbf1142a24ccc0a91c8a06): Total: 17.584 seconds - Initiated by InitialRefreshV2(ForceSynchronousImport)
	Summary:
		Imports: total=0 (actual=0, local cache=0, cache server=0)
		Asset DB Process Time: managed=0 ms, native=10595 ms
		Asset DB Callback time: managed=8 ms, native=0 ms
		Scripting: domain reloads=1, domain reload time=3978 ms, compile time=2983 ms, other=18 ms
		Project Asset Count: scripts=3679, non-scripts=601
		Asset File Changes: new=0, changed=0, moved=0, deleted=0
		Scan Filter Count: 0
	InvokeBeforeRefreshCallbacks: 0.397ms
	ApplyChangesToAssetFolders: 0.087ms
	Scan: 91.161ms
	OnSourceAssetsModified: 0.004ms
	GetAllGuidsForCategorization: 0.528ms
	CategorizeAssets: 79.172ms
	ImportOutOfDateAssets: 840.189ms (-2156.553ms without children)
		CompileScripts: 2983.266ms
		ReloadNativeAssets: 0.000ms
		UnloadImportedAssets: 11.628ms
		EnsureUptoDateAssetsAreRegisteredWithGuidPM: 0.869ms
		InitializingProgressBar: 0.019ms
		PostProcessAllAssetNotificationsAddChangedAssets: 0.000ms
		OnDemandSchedulerStart: 0.961ms
	PostProcessAllAssets: 8.533ms
	GatherAllCurrentPrimaryArtifactRevisions: 0.010ms
	UnloadStreamsBegin: 0.297ms
	PersistCurrentRevisions: 0.138ms
	UnloadStreamsEnd: 0.016ms
	GenerateScriptTypeHashes: 0.502ms
	Untracked: 16563.798ms
Application.AssetDatabase Initial Refresh End
Launched and connected shader compiler UnityShaderCompiler.exe after 0.06 seconds
Scanning for USB devices : 2.616ms
Initializing Unity extensions:
[Licensing::Client] Successfully resolved entitlements
[MODES] ModeService[none].Initialize
[MODES] ModeService[none].LoadModes
[MODES] Loading mode Default (0) for mode-current-id-My project
ProgressiveSceneManager::Cancel()
Unloading 3 Unused Serialized files (Serialized files now loaded: 0)
Unloading 43 unused Assets / (476.2 KB). Loaded Objects now: 3590.
Memory consumption went from 106.5 MB to 106.1 MB.
Total: 3.272500 ms (FindLiveObjects: 0.181700 ms CreateObjectMapping: 0.091200 ms MarkObjects: 2.734700 ms  DeleteObjects: 0.264300 ms)

===== START BUILD =====
UnityEngine.StackTraceUtility:ExtractStackTrace ()
UnityEngine.DebugLogHandler:LogFormat (UnityEngine.LogType,UnityEngine.Object,string,object[])
UnityEngine.Logger:Log (UnityEngine.LogType,object)
UnityEngine.Debug:Log (object)
BuildScript:BuildWindows () (at Assets/Editor/BuildScript.cs:10)

(Filename: Assets/Editor/BuildScript.cs Line: 10)

Scene : Assets/Scenes/Games.unity
UnityEngine.StackTraceUtility:ExtractStackTrace ()
UnityEngine.DebugLogHandler:LogFormat (UnityEngine.LogType,UnityEngine.Object,string,object[])
UnityEngine.Logger:Log (UnityEngine.LogType,object)
UnityEngine.Debug:Log (object)
BuildScript:BuildWindows () (at Assets/Editor/BuildScript.cs:25)

(Filename: Assets/Editor/BuildScript.cs Line: 25)

Starting: D:\game\2022.3.8f1\Editor\Data\bee_backend.exe --dont-print-to-structured-log --ipc --defer-dag-verification --dagfile="Library/Bee/1900b0aESkipCompile.dag" --continue-on-failure --profile="Library/Bee/backend1.traceevents" ScriptAssembliesAndTypeDB
WorkingDir: D:/project/CoinCollection
ExitCode: 0 Duration: 0s85ms
*** Tundra build success (0.06 seconds), 0 items updated, 3 evaluated
Asset Pipeline Refresh (id=10406d57536a04f40af6ce9a3f77b331): Total: 0.009 seconds - Initiated by RefreshV2(NoUpdateAssetOptions)
[ScriptCompilation] Requested script compilation because: Recompiling scripts for player build.
BuildPlayer: start building target 19
Starting: D:\game\2022.3.8f1\Editor\Data\bee_backend.exe --dont-print-to-structured-log --ipc --defer-dag-verification --dagfile="Library/Bee/1900b0aP.dag" --continue-on-failure --profile="Library/Bee/backend1.traceevents" ScriptAssembliesAndTypeDB
WorkingDir: D:/project/CoinCollection
ExitCode: 0 Duration: 0s572ms
[116/141    0s] CopyFiles Library/Bee/PlayerScriptAssemblies/UnityEngine.TestRunner.pdb
[117/141    0s] CopyFiles Library/Bee/PlayerScriptAssemblies/Unity.Timeline.dll
[120/141    0s] CopyFiles Library/Bee/PlayerScriptAssemblies/UnityEngine.UI.pdb
[121/141    0s] CopyFiles Library/Bee/PlayerScriptAssemblies/UnityEngine.TestRunner.dll
[122/141    0s] CopyFiles Library/Bee/PlayerScriptAssemblies/Unity.TextMeshPro.pdb
[126/141    0s] CopyFiles Library/Bee/PlayerScriptAssemblies/UnityEngine.UI.dll
[128/141    0s] CopyFiles Library/Bee/PlayerScriptAssemblies/Unity.TextMeshPro.dll
[130/141    0s] CopyFiles Library/Bee/PlayerScriptAssemblies/Unity.VisualScripting.Core.dll
[131/141    0s] CopyFiles Library/Bee/PlayerScriptAssemblies/Unity.VisualScripting.Flow.dll
[132/141    0s] CopyFiles Library/Bee/PlayerScriptAssemblies/Unity.Timeline.pdb
[133/141    0s] CopyFiles Library/Bee/PlayerScriptAssemblies/Unity.VisualScripting.Core.pdb
[134/141    0s] CopyFiles Library/Bee/PlayerScriptAssemblies/Assembly-CSharp.dll
[135/141    0s] CopyFiles Library/Bee/PlayerScriptAssemblies/Unity.VisualScripting.State.dll
[136/141    0s] CopyFiles Library/Bee/PlayerScriptAssemblies/Unity.VisualScripting.Flow.pdb
[137/141    0s] CopyFiles Library/Bee/PlayerScriptAssemblies/Unity.VisualScripting.State.pdb
[138/141    0s] CopyFiles Library/Bee/PlayerScriptAssemblies/Assembly-CSharp.pdb
*** Tundra build success (0.55 seconds), 16 items updated, 141 evaluated
Not rebuilding Data files -- no changes
Asset Pipeline Refresh (id=f3bc6ad4067e5df4c83d50532429ac4a): Total: 0.020 seconds - Initiated by RefreshV2(NoUpdateAssetOptions)


Mono dependencies included in the build
Dependency assembly - System.Drawing.dll
Dependency assembly - System.Core.dll
Dependency assembly - Unity.TextMeshPro.dll
Dependency assembly - Mono.Security.dll
Dependency assembly - System.ComponentModel.Composition.dll
Dependency assembly - System.Numerics.dll
Dependency assembly - System.Transactions.dll
Dependency assembly - System.Data.dll
Dependency assembly - System.dll
Dependency assembly - Assembly-CSharp.dll
Dependency assembly - System.EnterpriseServices.dll
Dependency assembly - mscorlib.dll
Dependency assembly - System.Data.DataSetExtensions.dll
Dependency assembly - Unity.VisualScripting.Antlr3.Runtime.dll
Dependency assembly - Unity.VisualScripting.State.dll
Dependency assembly - System.Security.dll
Dependency assembly - System.Net.Http.dll
Dependency assembly - System.ServiceModel.Internals.dll
Dependency assembly - UnityEngine.UI.dll
Dependency assembly - System.Xml.dll
Dependency assembly - Unity.VisualScripting.Core.dll
Dependency assembly - System.Configuration.dll
Dependency assembly - System.Xml.Linq.dll
Dependency assembly - Unity.Timeline.dll
Dependency assembly - System.IO.Compression.dll
Dependency assembly - Unity.VisualScripting.Flow.dll
Dependency assembly - netstandard.dll
Dependency assembly - System.Runtime.Serialization.dll
Dependency assembly - System.IO.Compression.FileSystem.dll

Starting: D:\game\2022.3.8f1\Editor\Data\bee_backend.exe --dont-print-to-structured-log --ipc --dagfile="Library/Bee/Player8a8252a9.dag" --profile="Library/Bee/backend1.traceevents" Player
WorkingDir: D:/project/CoinCollection
DisplayProgressbar: Incremental Player Build
ExitCode: 0 Duration: 0s148ms
Refreshing native plugins compatible for Editor in 2.46 ms, found 3 plugins.
Preloading 0 native plugins for Editor in 0.00 ms.

-------------------------------------------------------------------------------
Build Report
Information on used Assets is not available, since player data was not rebuilt.
Do a clean build to view the Asset build report information.
-------------------------------------------------------------------------------
Unloading 1 Unused Serialized files (Serialized files now loaded: 0)
Unloading 46 unused Assets / (1.0 MB). Loaded Objects now: 3605.
Memory consumption went from 121.6 MB to 120.6 MB.
Total: 4.685700 ms (FindLiveObjects: 0.216700 ms CreateObjectMapping: 0.098000 ms MarkObjects: 3.943800 ms  DeleteObjects: 0.426000 ms)

DisplayProgressNotification: Build Successful
Build Finished, Result: Success.
Unloading 0 Unused Serialized files (Serialized files now loaded: 0)
Loaded scene 'Temp/__Backupscenes/0.backup'
	Deserialize:            0.399 ms
	Integration:            4.053 ms
	Integration of assets:  0.002 ms
	Thread Wait Time:       0.052 ms
	Total Operation Time:   4.506 ms
Unloading 0 unused Assets / (0 B). Loaded Objects now: 3605.
Memory consumption went from 120.1 MB to 120.1 MB.
Total: 3.093500 ms (FindLiveObjects: 0.216500 ms CreateObjectMapping: 0.122200 ms MarkObjects: 2.747100 ms  DeleteObjects: 0.007100 ms)

Succeeded
UnityEngine.StackTraceUtility:ExtractStackTrace ()
UnityEngine.DebugLogHandler:LogFormat (UnityEngine.LogType,UnityEngine.Object,string,object[])
UnityEngine.Logger:Log (UnityEngine.LogType,object)
UnityEngine.Debug:Log (object)
BuildScript:BuildWindows () (at Assets/Editor/BuildScript.cs:34)

(Filename: Assets/Editor/BuildScript.cs Line: 34)

BUILD SUCCESS
UnityEngine.StackTraceUtility:ExtractStackTrace ()
UnityEngine.DebugLogHandler:LogFormat (UnityEngine.LogType,UnityEngine.Object,string,object[])
UnityEngine.Logger:Log (UnityEngine.LogType,object)
UnityEngine.Debug:Log (object)
BuildScript:BuildWindows () (at Assets/Editor/BuildScript.cs:38)

(Filename: Assets/Editor/BuildScript.cs Line: 38)

Batchmode quit successfully invoked - shutting down!
Setting up 4 worker threads for Enlighten.
[Licensing::IpcConnector] License Notification channel disconnected successfully.
[Licensing::IpcConnector] License Client channel disconnected successfully.
Curl error 35: Cert verify failed. Certificate could not be verified (either omitted or unsupported). UnityTls error code: 7
Cleanup mono
[Performance] WinEditorMain                                                                                                  :        1 samples, Peak.  4.65 s (1.0x), Avg.  4.65 s, Total. 4.650 s (12.2%)
[Performance] WinEditorMain.ConfigureCrashHandler                                                                            :        1 samples, Peak.  24.0 us (1.0x), Avg.  24.0 us, Total. 24.00 us (0.0%)
[Performance] WinEditorMain.CurlRequestInitialize                                                                            :        1 samples, Peak.   409 us (1.0x), Avg.   409 us, Total. 408.8 us (0.0%)
[Performance] WinEditorMain.SetupLogFile                                                                                     :        1 samples, Peak.   206 us (1.0x), Avg.   206 us, Total. 206.0 us (0.0%)
[Performance] WinEditorMain.RunNativeTestsIfRequiredAndExit                                                                  :        1 samples, Peak.   200 ns (1.0x), Avg.   200 ns, Total. 200.0 ns (0.0%)
[Performance] WinEditorMain.Licensing                                                                                        :        1 samples, Peak.  4.63 s (1.0x), Avg.  4.63 s, Total. 4.628 s (12.2%)
[Performance] WinEditorMain.InitializeCrashHandler                                                                           :        1 samples, Peak.  17.7 ms (1.0x), Avg.  17.7 ms, Total. 17.72 ms (0.0%)
[Performance] WinEditorMain.CreateApplication                                                                                :        1 samples, Peak.   291 us (1.0x), Avg.   291 us, Total. 290.5 us (0.0%)
[Performance] Application.InitializeProject                                                                                  :        1 samples, Peak.  23.1 s (1.0x), Avg.  23.1 s, Total. 23.05 s (60.6%)
[Performance] Application.PackageManager.StartServer                                                                         :        1 samples, Peak.  1.44 s (1.0x), Avg.  1.44 s, Total. 1.436 s (3.8%)
[Performance] Application.AcquireProjectLock                                                                                 :        1 samples, Peak.  2.70 ms (1.0x), Avg.  2.70 ms, Total. 2.699 ms (0.0%)
[Performance] Application.InitializeEngineNoGraphics                                                                         :        1 samples, Peak.  88.0 ms (1.0x), Avg.  88.0 ms, Total. 88.02 ms (0.2%)
[Performance] Application.PackageManager.Initialize                                                                          :        1 samples, Peak.   240 ms (1.0x), Avg.   240 ms, Total. 240.2 ms (0.6%)
[Performance] Connecting to Package Manager                                                                                  :       25 samples, Peak.  61.2 us (15.9x), Avg.  3.85 us, Total. 96.20 us (0.0%)
[Performance] Application.EngineGraphics.Initialize                                                                          :        1 samples, Peak.   354 ms (1.0x), Avg.   354 ms, Total. 353.8 ms (0.9%)
[Performance] Application.GI.Initialize                                                                                      :        1 samples, Peak.  31.4 ms (1.0x), Avg.  31.4 ms, Total. 31.35 ms (0.1%)
[Performance] Application.LoadAllDefaultResourcesFromEditor                                                                  :        1 samples, Peak.  1.77 ms (1.0x), Avg.  1.77 ms, Total. 1.770 ms (0.0%)
[Performance] Application.LoadMonoAssemblies                                                                                 :        1 samples, Peak.   544 ms (1.0x), Avg.   544 ms, Total. 543.8 ms (1.4%)
[Performance] RestoreManagedReferences                                                                                       :        2 samples, Peak.  34.1 ms (2.0x), Avg.  17.1 ms, Total. 34.10 ms (0.1%)
[Performance] InitializeOnLoad NativeFormatImporterUtility                                                                   :        2 samples, Peak.  2.47 ms (1.2x), Avg.  2.05 ms, Total. 4.092 ms (0.0%)
[Performance] InitializeOnLoad ShortcutIntegration                                                                           :        2 samples, Peak.  80.4 us (1.1x), Avg.  71.1 us, Total. 142.1 us (0.0%)
[Performance] InitializeOnLoad AssetStoreContext                                                                             :        2 samples, Peak.  22.8 ms (1.1x), Avg.  20.9 ms, Total. 41.76 ms (0.1%)
[Performance] InitializeOnLoad MenuItems                                                                                     :        2 samples, Peak.   509 us (1.0x), Avg.   486 us, Total. 971.4 us (0.0%)
[Performance] InitializeOnLoad SettingsService                                                                               :        2 samples, Peak.  11.9 us (1.2x), Avg.  9.65 us, Total. 19.30 us (0.0%)
[Performance] InitializeOnLoad SearchService                                                                                 :        2 samples, Peak.  97.1 us (1.0x), Avg.  93.3 us, Total. 186.7 us (0.0%)
[Performance] InitializeOnLoad ObjectSelectorSearch                                                                          :        2 samples, Peak.   251 us (1.2x), Avg.   217 us, Total. 434.3 us (0.0%)
[Performance] InitializeOnLoad ManagedDebugger                                                                               :        2 samples, Peak.   465 us (1.0x), Avg.   453 us, Total. 905.1 us (0.0%)
[Performance] InitializeOnLoad ProjectSearch                                                                                 :        2 samples, Peak.  47.1 us (1.2x), Avg.  38.7 us, Total. 77.40 us (0.0%)
[Performance] InitializeOnLoad AddComponentWindow                                                                            :        2 samples, Peak.  91.2 us (1.1x), Avg.  84.6 us, Total. 169.2 us (0.0%)
[Performance] InitializeOnLoad ManagedDebuggerWindow                                                                         :        2 samples, Peak.   121 us (1.1x), Avg.   107 us, Total. 213.3 us (0.0%)
[Performance] InitializeOnLoad DrivenRectTransformUndo                                                                       :        2 samples, Peak.   172 us (1.0x), Avg.   169 us, Total. 337.9 us (0.0%)
[Performance] InitializeOnLoad SceneSearch                                                                                   :        2 samples, Peak.  72.6 us (1.5x), Avg.  48.7 us, Total. 97.40 us (0.0%)
[Performance] InitializeOnLoad CloudBuild                                                                                    :        2 samples, Peak.  3.70 us (1.2x), Avg.  3.10 us, Total. 6.200 us (0.0%)
[Performance] InitializeOnLoad UnityConnect                                                                                  :        2 samples, Peak.  33.4 us (1.0x), Avg.  32.7 us, Total. 65.40 us (0.0%)
[Performance] InitializeOnLoad WindowLayout                                                                                  :        2 samples, Peak.  22.5 us (1.0x), Avg.  22.3 us, Total. 44.60 us (0.0%)
[Performance] InitializeOnLoad PlayModeDownload                                                                              :        2 samples, Peak.  3.81 ms (1.8x), Avg.  2.16 ms, Total. 4.324 ms (0.0%)
[Performance] InitializeOnLoad CacheServerWindow                                                                             :        2 samples, Peak.  11.6 us (1.1x), Avg.  10.5 us, Total. 21.10 us (0.0%)
[Performance] InitializeOnLoad PrefabInstanceChangedListener                                                                 :        2 samples, Peak.   127 us (1.1x), Avg.   115 us, Total. 230.9 us (0.0%)
[Performance] InitializeOnLoad CheckNavigationPackage                                                                        :        2 samples, Peak.   204 us (1.1x), Avg.   193 us, Total. 386.3 us (0.0%)
[Performance] InitializeOnLoad MixerEffectDefinitionReloader                                                                 :        2 samples, Peak.  2.37 ms (1.2x), Avg.  1.92 ms, Total. 3.835 ms (0.0%)
[Performance] InitializeOnLoad EditMode                                                                                      :        2 samples, Peak.   412 us (1.1x), Avg.   390 us, Total. 779.7 us (0.0%)
[Performance] InitializeOnLoad UISystemProfilerRenderService                                                                 :        2 samples, Peak.  11.2 us (1.3x), Avg.  8.60 us, Total. 17.20 us (0.0%)
[Performance] InitializeOnLoad EditorMonitor                                                                                 :        2 samples, Peak.   842 us (1.4x), Avg.   611 us, Total. 1.222 ms (0.0%)
[Performance] InitializeOnLoad RetainedMode                                                                                  :        2 samples, Peak.  2.45 ms (1.2x), Avg.  2.13 ms, Total. 4.253 ms (0.0%)
[Performance] InitializeOnLoad EditorShaderLoader                                                                            :        2 samples, Peak.   578 us (1.1x), Avg.   550 us, Total. 1.100 ms (0.0%)
[Performance] InitializeOnLoad EditorDelegateRegistration                                                                    :        2 samples, Peak.   396 us (1.0x), Avg.   388 us, Total. 776.5 us (0.0%)
[Performance] InitializeOnLoad LiveReloadTrackerCreator                                                                      :        2 samples, Peak.   161 us (1.2x), Avg.   132 us, Total. 264.3 us (0.0%)
[Performance] InitializeOnLoad UxmlObjectEditorFactories                                                                     :        2 samples, Peak.   442 us (1.1x), Avg.   385 us, Total. 769.8 us (0.0%)
[Performance] InitializeOnLoad UIDocumentHierarchyWatcher                                                                    :        2 samples, Peak.  96.2 us (1.2x), Avg.  81.4 us, Total. 162.7 us (0.0%)
[Performance] InitializeOnLoad UXMLEditorFactories                                                                           :        2 samples, Peak.  45.5 ms (1.0x), Avg.  44.6 ms, Total. 89.23 ms (0.2%)
[Performance] InitializeOnLoad CloudBuildPoller                                                                              :        2 samples, Peak.   277 us (1.1x), Avg.   251 us, Total. 501.8 us (0.0%)
[Performance] InitializeOnLoad AnalyticsService                                                                              :        2 samples, Peak.  4.92 ms (1.2x), Avg.  4.10 ms, Total. 8.203 ms (0.0%)
[Performance] InitializeOnLoad UDPService                                                                                    :        2 samples, Peak.  2.53 ms (1.1x), Avg.  2.21 ms, Total. 4.427 ms (0.0%)
[Performance] InitializeOnLoad EditorGameServicesAnalytics                                                                   :        2 samples, Peak.  2.95 ms (1.6x), Avg.  1.87 ms, Total. 3.735 ms (0.0%)
[Performance] InitializeOnLoad PurchasingService                                                                             :        2 samples, Peak.  8.78 ms (1.2x), Avg.  7.57 ms, Total. 15.14 ms (0.0%)
[Performance] InitializeOnLoad ServicesRepository                                                                            :        2 samples, Peak.  1.70 us (1.5x), Avg.  1.15 us, Total. 2.300 us (0.0%)
[Performance] InitializeOnLoad AdsService                                                                                    :        2 samples, Peak.  3.36 ms (1.1x), Avg.  2.98 ms, Total. 5.967 ms (0.0%)
[Performance] InitializeOnLoad BuildService                                                                                  :        2 samples, Peak.  2.41 ms (1.0x), Avg.  2.33 ms, Total. 4.662 ms (0.0%)
[Performance] InitializeOnLoad CrashService                                                                                  :        2 samples, Peak.  3.94 ms (1.2x), Avg.  3.18 ms, Total. 6.364 ms (0.0%)
[Performance] InitializeOnLoad SearchWindow                                                                                  :        2 samples, Peak.   154 us (1.1x), Avg.   142 us, Total. 284.9 us (0.0%)
[Performance] InitializeOnLoad CustomIndexers                                                                                :        2 samples, Peak.   215 us (1.0x), Avg.   209 us, Total. 418.5 us (0.0%)
[Performance] InitializeOnLoad SearchMonitor                                                                                 :        2 samples, Peak.  2.09 ms (1.1x), Avg.  1.96 ms, Total. 3.927 ms (0.0%)
[Performance] InitializeOnLoad ParameterControllerEditor                                                                     :        2 samples, Peak.  32.6 us (1.2x), Avg.  27.0 us, Total. 54.00 us (0.0%)
[Performance] InitializeOnLoad LayerSettingsWindow                                                                           :        2 samples, Peak.  29.3 us (1.8x), Avg.  16.6 us, Total. 33.30 us (0.0%)
[Performance] InitializeOnLoad PackageManagerHookGUIDConverter.RegisterPackagesEventHandler                                  :        2 samples, Peak.   868 us (1.8x), Avg.   489 us, Total. 977.5 us (0.0%)
[Performance] InitializeOnLoad EditorDragAndDrop.RegisterEditorClient                                                        :        2 samples, Peak.   248 us (1.2x), Avg.   211 us, Total. 421.1 us (0.0%)
[Performance] InitializeOnLoad EditorEventCallbacks.InitializeFontAssetResourceChangeCallBacks                               :        2 samples, Peak.  1.39 ms (1.2x), Avg.  1.15 ms, Total. 2.294 ms (0.0%)
[Performance] InitializeOnLoad SceneTemplateService.Init                                                                     :        2 samples, Peak.  1.31 ms (1.2x), Avg.  1.08 ms, Total. 2.164 ms (0.0%)
[Performance] InitializeOnLoad DiagnosticSwitchesConsoleMessage.Init                                                         :        2 samples, Peak.  4.76 ms (1.7x), Avg.  2.78 ms, Total. 5.565 ms (0.0%)
[Performance] InitializeOnLoad SceneVisibilityManager.Initialize                                                             :        2 samples, Peak.  4.36 ms (1.7x), Avg.  2.52 ms, Total. 5.042 ms (0.0%)
[Performance] InitializeOnLoad SysrootManager.Initialize                                                                     :        2 samples, Peak.   475 us (1.0x), Avg.   467 us, Total. 934.9 us (0.0%)
[Performance] InitializeOnLoad MemoryProfilerCompilationGuard.InjectCompileGuard                                             :        2 samples, Peak.   163 us (1.1x), Avg.   146 us, Total. 291.6 us (0.0%)
[Performance] InitializeOnLoad EditorWindow.Initialize                                                                       :        2 samples, Peak.   146 us (1.0x), Avg.   145 us, Total. 289.2 us (0.0%)
[Performance] InitializeOnLoad ToolShortcutContext.Init                                                                      :        2 samples, Peak.  89.3 us (1.1x), Avg.  85.0 us, Total. 170.0 us (0.0%)
[Performance] InitializeOnLoad AssetPostprocessingInternal.RefreshCustomDependencies                                         :        2 samples, Peak.  2.24 ms (1.0x), Avg.  2.16 ms, Total. 4.327 ms (0.0%)
[Performance] InitializeOnLoad ScopedRegistryAddedPopup.SubscribeToRegistriesAdded                                           :        2 samples, Peak.  30.0 ms (1.7x), Avg.  17.6 ms, Total. 35.26 ms (0.1%)
[Performance] InitializeOnLoad PackageManagerWindow.EditorInitializedInSafeMode                                              :        2 samples, Peak.   173 us (1.2x), Avg.   143 us, Total. 286.2 us (0.0%)
[Performance] AssemblyReloadEvents.afterAssemblyReload: UnityEditor.SceneTemplate.SceneTemplateService.AfterAssemblyReload   :        2 samples, Peak.  3.23 ms (1.9x), Avg.  1.74 ms, Total. 3.474 ms (0.0%)
[Performance] ProcessService.EditorAfterLoadAllAssemblies                                                                    :        2 samples, Peak.   257 us (1.1x), Avg.   233 us, Total. 465.6 us (0.0%)
[Performance] Application.ReadLicenseInfo                                                                                    :        1 samples, Peak.  14.0 ms (1.0x), Avg.  14.0 ms, Total. 14.02 ms (0.0%)
[Performance] Application.InitialRefresh                                                                                     :        1 samples, Peak.  17.6 s (1.0x), Avg.  17.6 s, Total. 17.59 s (46.3%)
[Performance] Compiling Scripts                                                                                              :        1 samples, Peak.  2.98 s (1.0x), Avg.  2.98 s, Total. 2.983 s (7.8%)
[Performance] AssemblyReloadEvents.beforeAssemblyReload: UnityEditor.SceneTemplate.SceneTemplateService.BeforeAssemblyReload :        1 samples, Peak.   422 us (1.0x), Avg.   422 us, Total. 422.1 us (0.0%)
[Performance] InitializeOnLoad VSUsageUtility                                                                                :        1 samples, Peak.  20.8 ms (1.0x), Avg.  20.8 ms, Total. 20.77 ms (0.1%)
[Performance] InitializeOnLoad BackgroundWatcher                                                                             :        1 samples, Peak.   132 us (1.0x), Avg.   132 us, Total. 131.8 us (0.0%)
[Performance] InitializeOnLoad UnityTestProtocolStarter                                                                      :        1 samples, Peak.   381 us (1.0x), Avg.   381 us, Total. 381.2 us (0.0%)
[Performance] InitializeOnLoad TestStarter                                                                                   :        1 samples, Peak.   434 us (1.0x), Avg.   434 us, Total. 434.1 us (0.0%)
[Performance] InitializeOnLoad RerunCallbackInitializer                                                                      :        1 samples, Peak.  2.84 ms (1.0x), Avg.  2.84 ms, Total. 2.840 ms (0.0%)
[Performance] InitializeOnLoad CoverageReporterStarter                                                                       :        1 samples, Peak.  17.4 ms (1.0x), Avg.  17.4 ms, Total. 17.38 ms (0.0%)
[Performance] InitializeOnLoad PlasticPlugin                                                                                 :        1 samples, Peak.  65.7 ms (1.0x), Avg.  65.7 ms, Total. 65.65 ms (0.2%)
[Performance] InitializeOnLoad ToolbarBootstrap                                                                              :        1 samples, Peak.   268 ms (1.0x), Avg.   268 ms, Total. 267.8 ms (0.7%)
[Performance] Package.AsyncRequest                                                                                           :        3 samples, Peak.  1.06 ms (3.0x), Avg.   356 us, Total. 1.068 ms (0.0%)
[Performance] InitializeOnLoad VisualStudioEditor                                                                            :        1 samples, Peak.  6.03 ms (1.0x), Avg.  6.03 ms, Total. 6.034 ms (0.0%)
[Performance] InitializeOnLoad VisualStudioIntegration                                                                       :        1 samples, Peak.   150 ms (1.0x), Avg.   150 ms, Total. 150.4 ms (0.4%)
[Performance] InitializeOnLoad TestRunnerApiListener                                                                         :        1 samples, Peak.   117 us (1.0x), Avg.   117 us, Total. 116.9 us (0.0%)
[Performance] InitializeOnLoad PrefabLayoutRebuilder                                                                         :        1 samples, Peak.   211 us (1.0x), Avg.   211 us, Total. 210.8 us (0.0%)
[Performance] InitializeOnLoad RiderScriptEditor                                                                             :        1 samples, Peak.  2.32 ms (1.0x), Avg.  2.32 ms, Total. 2.315 ms (0.0%)
[Performance] InitializeOnLoad CallbackInitializer                                                                           :        1 samples, Peak.   945 us (1.0x), Avg.   945 us, Total. 944.9 us (0.0%)
[Performance] InitializeOnLoad VSCodeScriptEditor                                                                            :        1 samples, Peak.  1.68 ms (1.0x), Avg.  1.68 ms, Total. 1.675 ms (0.0%)
[Performance] InitializeOnLoad TestJobDataHolder.ResumeRunningJobs                                                           :        1 samples, Peak.   651 us (1.0x), Avg.   651 us, Total. 651.3 us (0.0%)
[Performance] InitializeOnLoad AnalyticsReporter.RegisterCallbacks                                                           :        1 samples, Peak.   185 us (1.0x), Avg.   185 us, Total. 184.6 us (0.0%)
[Performance] DidReloadScriptsTestRunnerWindow.CompilationCallback                                                           :        1 samples, Peak.   736 us (1.0x), Avg.   736 us, Total. 736.2 us (0.0%)
[Performance] DidReloadScriptsTestListCache.ScriptReloaded                                                                   :        1 samples, Peak.  1.12 ms (1.0x), Avg.  1.12 ms, Total. 1.118 ms (0.0%)
[Performance] DidReloadScriptsAdvancedDropdownWindow.OnScriptReload                                                          :        1 samples, Peak.   183 us (1.0x), Avg.   183 us, Total. 182.5 us (0.0%)
[Performance] SyncVS.PostprocessSyncProject                                                                                  :        1 samples, Peak.  94.6 us (1.0x), Avg.  94.6 us, Total. 94.60 us (0.0%)
[Performance] Application.ImportPackagesAndSetTemplateWhenCreatingProject                                                    :        1 samples, Peak.  13.9 ms (1.0x), Avg.  13.9 ms, Total. 13.85 ms (0.0%)
[Performance] Application.SyncCurrentColorSpace                                                                              :        1 samples, Peak.   416 ms (1.0x), Avg.   416 ms, Total. 416.3 ms (1.1%)
[Performance] Application.OnUsbDevicesChanged                                                                                :        1 samples, Peak.  2.67 ms (1.0x), Avg.  2.67 ms, Total. 2.669 ms (0.0%)
[Performance] Application.AssetInstanceCacheUpdate                                                                           :        1 samples, Peak.   400 ns (1.0x), Avg.   400 ns, Total. 400.0 ns (0.0%)
[Performance] Application.UnityExtensions.Initialize                                                                         :        1 samples, Peak.  2.12 ms (1.0x), Avg.  2.12 ms, Total. 2.116 ms (0.0%)
[Performance] CodeEditorProjectSync.SyncEditorProject                                                                        :        1 samples, Peak.   118 us (1.0x), Avg.   118 us, Total. 118.2 us (0.0%)
[Performance] Application.ExecuteStartups                                                                                    :        1 samples, Peak.  79.8 ms (1.0x), Avg.  79.8 ms, Total. 79.76 ms (0.2%)
[Performance] Menu.RegisterMenuInterface                                                                                     :       26 samples, Peak.   700 ns (4.7x), Avg.   150 ns, Total. 3.900 us (0.0%)
[Performance] Gizmo.RebuildRenderers                                                                                         :        2 samples, Peak.  79.2 ms (2.0x), Avg.  39.8 ms, Total. 79.60 ms (0.2%)
[Performance] Gizmo.AddGizmoRenderers                                                                                        :      114 samples, Peak.  1.60 ms (71.5x), Avg.  22.4 us, Total. 2.559 ms (0.0%)
[Performance] Application.editorInitializingProject                                                                          :        1 samples, Peak.  71.6 ms (1.0x), Avg.  71.6 ms, Total. 71.62 ms (0.2%)
[Performance] Application.InitializeMenu                                                                                     :        1 samples, Peak.  64.7 ms (1.0x), Avg.  64.7 ms, Total. 64.72 ms (0.2%)
[Performance] Menu.RebuildAll                                                                                                :        1 samples, Peak.  64.7 ms (1.0x), Avg.  64.7 ms, Total. 64.71 ms (0.2%)
[Performance] Menu.BuildRegisteredMenuInterfaces                                                                             :        1 samples, Peak.  63.0 ms (1.0x), Avg.  63.0 ms, Total. 62.98 ms (0.2%)
[Performance] Menu.FilterMenuItem                                                                                            :      550 samples, Peak.  31.3 ms (547.3x), Avg.  57.1 us, Total. 31.42 ms (0.1%)
[Performance] UpdateAllMenus                                                                                                 :        1 samples, Peak.   477 us (1.0x), Avg.   477 us, Total. 476.6 us (0.0%)
[Performance] Menu.RebuildOSMainMenu                                                                                         :        2 samples, Peak.  1.34 ms (1.1x), Avg.  1.22 ms, Total. 2.436 ms (0.0%)
[Performance] EditorSceneManager.sceneClosing: UnityEditor.SceneVisibilityManager.EditorSceneManagerOnSceneClosing           :        2 samples, Peak.   245 us (2.0x), Avg.   125 us, Total. 250.9 us (0.0%)
[Performance] GUIView.RepaintAll.PlayerLoopController                                                                        :        2 samples, Peak.  4.00 us (1.5x), Avg.  2.70 us, Total. 5.400 us (0.0%)
[Performance] EditorSceneManager.newSceneCreated: UnityEditor.SceneTemplate.SceneTemplateService.OnNewSceneCreated           :        1 samples, Peak.   268 us (1.0x), Avg.   268 us, Total. 267.9 us (0.0%)
[Performance] EditorSceneManager.newSceneCreated: UnityEditor.SceneVisibilityManager.EditorSceneManagerOnNewSceneCreated     :        1 samples, Peak.   175 us (1.0x), Avg.   175 us, Total. 175.1 us (0.0%)
[Performance] EditorSceneManager.newSceneCreated: UnityEditor.SceneManagement.StageNavigationManager.OnNewSceneCreated       :        1 samples, Peak.  47.9 us (1.0x), Avg.  47.9 us, Total. 47.90 us (0.0%)
[Performance] Application.InvokeFinishedLoadingProject                                                                       :        1 samples, Peak.  10.6 ms (1.0x), Avg.  10.6 ms, Total. 10.57 ms (0.0%)
[Performance] ProcessService.OnProjectLoaded                                                                                 :        1 samples, Peak.  34.0 us (1.0x), Avg.  34.0 us, Total. 34.00 us (0.0%)
[Performance] VersionControl.Task.Wait                                                                                       :        1 samples, Peak.  18.5 us (1.0x), Avg.  18.5 us, Total. 18.50 us (0.0%)
[Performance] Inspector.InitOrRebuild                                                                                        :        2 samples, Peak.   273 us (1.4x), Avg.   197 us, Total. 394.8 us (0.0%)
[Performance] FlowMacroSavedEvent.OnWillSaveAssets                                                                           :        2 samples, Peak.   348 us (1.9x), Avg.   181 us, Total. 362.1 us (0.0%)
[Performance] StateMacroSavedEvent.OnWillSaveAssets                                                                          :        2 samples, Peak.   103 us (2.0x), Avg.  52.8 us, Total. 105.6 us (0.0%)
[Performance] AssetModificationProcessor.OnWillSaveAssets                                                                    :        2 samples, Peak.   270 us (2.0x), Avg.   136 us, Total. 272.0 us (0.0%)
[Performance] BuilderAssetModificationProcessor.OnWillSaveAssets                                                             :        2 samples, Peak.   386 us (2.0x), Avg.   195 us, Total. 390.7 us (0.0%)
[Performance] TerrainModificationProcessor.OnWillSaveAssets                                                                  :        2 samples, Peak.   431 us (2.0x), Avg.   217 us, Total. 433.4 us (0.0%)
[Performance] AssetDatabase.ImportAssets                                                                                     :        4 samples, Peak.  2.00 us (2.0x), Avg.  1.03 us, Total. 4.100 us (0.0%)
[Performance] GenerateAssemblyTypeInfos                                                                                      :        2 samples, Peak.  13.3 ms (1.1x), Avg.  12.0 ms, Total. 24.07 ms (0.1%)
[Performance] AssetDatabase.Refresh                                                                                          :        1 samples, Peak.  9.27 ms (1.0x), Avg.  9.27 ms, Total. 9.269 ms (0.0%)
[Performance] EditorApplication.quitting: UnityEditor.SettingsManagement.FileSettingsRepository.Save                         :        1 samples, Peak.  1.56 ms (1.0x), Avg.  1.56 ms, Total. 1.556 ms (0.0%)
[Performance] EditorApplication.quitting: callback in UnityEditor.TextCore.Text.EditorEventCallbacks                         :        1 samples, Peak.  12.0 ms (1.0x), Avg.  12.0 ms, Total. 12.01 ms (0.0%)
[Performance] Application.Shutdown.PauseProfilerSession                                                                      :        1 samples, Peak.  60.8 us (1.0x), Avg.  60.8 us, Total. 60.80 us (0.0%)
[Performance] Application.Shutdown.PauseAssetImportWorkers                                                                   :        1 samples, Peak.   226 us (1.0x), Avg.   226 us, Total. 226.1 us (0.0%)
[Performance] Application.Shutdown.SaveAssets                                                                                :        1 samples, Peak.  3.30 ms (1.0x), Avg.  3.30 ms, Total. 3.302 ms (0.0%)
[Performance] Application.Shutdown.CleanupRenderPipeline                                                                     :        1 samples, Peak.  11.8 us (1.0x), Avg.  11.8 us, Total. 11.80 us (0.0%)
[Performance] Application.Shutdown.StopPreloadManager                                                                        :        1 samples, Peak.  9.79 ms (1.0x), Avg.  9.79 ms, Total. 9.790 ms (0.0%)
[Performance] Application.Shutdown.DestroyWorld                                                                              :        1 samples, Peak.   546 us (1.0x), Avg.   546 us, Total. 545.5 us (0.0%)
[Performance] Application.Shutdown.CleanupAfterLoad                                                                          :        1 samples, Peak.  2.47 ms (1.0x), Avg.  2.47 ms, Total. 2.471 ms (0.0%)
[Performance] Application.Shutdown.Progress                                                                                  :        1 samples, Peak.  6.90 us (1.0x), Avg.  6.90 us, Total. 6.900 us (0.0%)
[Performance] Application.Shutdown.GICleanupManagers                                                                         :        1 samples, Peak.   690 us (1.0x), Avg.   690 us, Total. 690.0 us (0.0%)
[Performance] Application.Shutdown.MenuCleanupClass                                                                          :        1 samples, Peak.   148 us (1.0x), Avg.   148 us, Total. 148.2 us (0.0%)
[Performance] Application.Shutdown.ADBSaveStateBeforeShutdown                                                                :        1 samples, Peak.  10.5 us (1.0x), Avg.  10.5 us, Total. 10.50 us (0.0%)
[Performance] Application.Shutdown.RemoteShutdown                                                                            :        1 samples, Peak.  1.30 us (1.0x), Avg.  1.30 us, Total. 1.300 us (0.0%)
[Performance] Application.Shutdown.CleanupVCProvider                                                                         :        1 samples, Peak.  16.2 us (1.0x), Avg.  16.2 us, Total. 16.20 us (0.0%)
[Performance] Application.Shutdown.InputShutdown                                                                             :        1 samples, Peak.  5.50 us (1.0x), Avg.  5.50 us, Total. 5.500 us (0.0%)
[Performance] Application.Shutdown.GizmoManagerDestroy                                                                       :        1 samples, Peak.  1.14 ms (1.0x), Avg.  1.14 ms, Total. 1.145 ms (0.0%)
[Performance] Application.Shutdown.ProfilerSession                                                                           :        1 samples, Peak.   207 us (1.0x), Avg.   207 us, Total. 206.8 us (0.0%)
[Performance] Application.Shutdown.ReleaseGfxWindowOnAllGUIViews                                                             :        1 samples, Peak.   400 ns (1.0x), Avg.   400 ns, Total. 400.0 ns (0.0%)
[Performance] Application.Shutdown.CleanupEngine                                                                             :        1 samples, Peak.  7.24 s (1.0x), Avg.  7.24 s, Total. 7.241 s (19.0%)
[Performance] Application.Shutdown.CleanupAssetDatabase                                                                      :        1 samples, Peak.  15.3 ms (1.0x), Avg.  15.3 ms, Total. 15.27 ms (0.0%)
[Performance] Application.Shutdown.ScriptCompilationCleanUp                                                                  :        1 samples, Peak.  11.7 ms (1.0x), Avg.  11.7 ms, Total. 11.67 ms (0.0%)
[Performance] Application.Shutdown.DestroyJobSystem                                                                          :        1 samples, Peak.  67.5 us (1.0x), Avg.  67.5 us, Total. 67.50 us (0.0%)
[Performance] Application.Shutdown.CleanupPersistentManager                                                                  :        1 samples, Peak.  4.46 ms (1.0x), Avg.  4.46 ms, Total. 4.458 ms (0.0%)
[Performance] Application.Shutdown.CleanupAsyncReadManager                                                                   :        1 samples, Peak.   292 us (1.0x), Avg.   292 us, Total. 292.4 us (0.0%)
[Performance] Application.Shutdown.CleanupProgressBar                                                                        :        1 samples, Peak.   400 ns (1.0x), Avg.   400 ns, Total. 400.0 ns (0.0%)
[Performance] Application.Shutdown.CleanupMono                                                                               :        1 samples, Peak.  38.3 ms (1.0x), Avg.  38.3 ms, Total. 38.33 ms (0.1%)
[Performance] Application.Shutdown.CleanupStdConverters                                                                      :        1 samples, Peak.  9.20 us (1.0x), Avg.  9.20 us, Total. 9.200 us (0.0%)
[Performance] Application.Shutdown.UnloadAllPlatformSupportModuleNativeDlls                                                  :        1 samples, Peak.   500 ns (1.0x), Avg.   500 ns, Total. 500.0 ns (0.0%)
[Performance] Application.Shutdown.UnloadAllPlatformSupportNativeLibraries                                                   :        1 samples, Peak.   100 ns (1.0x), Avg.   100 ns, Total. 100.0 ns (0.0%)
[Performance] Application.Shutdown.CleanupAutoDocumentation                                                                  :        1 samples, Peak.   372 us (1.0x), Avg.   372 us, Total. 371.7 us (0.0%)
[Performance] Application.Shutdown.ShaderNameManagerDestroy                                                                  :        1 samples, Peak.  41.6 us (1.0x), Avg.  41.6 us, Total. 41.60 us (0.0%)
[Performance] Application.Shutdown.CleanupCacheServer                                                                        :        1 samples, Peak.   100 ns (1.0x), Avg.   100 ns, Total. 100.0 ns (0.0%)
[Performance] Application.Shutdown.Virtualization_Shutdown                                                                   :        1 samples, Peak.   300 ns (1.0x), Avg.   300 ns, Total. 300.0 ns (0.0%)
[Performance] Application.Shutdown.DevConnections                                                                            :        1 samples, Peak.  82.5 us (1.0x), Avg.  82.5 us, Total. 82.50 us (0.0%)
Exiting batchmode successfully now!
Exiting without the bug reporter. Application will terminate with return code 0